Line 18: Class Crystal.CrystalReport of control CrystalReport1 was not a loaded control class.
Line 426: Class MSDataGridLib.DataGrid of control DataGrid1 was not a loaded control class.
Line 517: Class MSAdodcLib.Adodc of control Adodc1 was not a loaded control class.
Line 21: The property name _ExtentX in CrystalReport1 is invalid.
Line 22: The property name _ExtentY in CrystalReport1 is invalid.
Line 23: The property name _Version in CrystalReport1 is invalid.
Line 24: The property name PrintFileLinesPerPage in CrystalReport1 is invalid.
Line 432: The property name _ExtentX in DataGrid1 is invalid.
Line 433: The property name _ExtentY in DataGrid1 is invalid.
Line 434: The property name _Version in DataGrid1 is invalid.
Line 435: The property name AllowUpdate in DataGrid1 is invalid.
Line 439: The property name HeadLines in DataGrid1 is invalid.
Line 440: The property name RowHeight in DataGrid1 is invalid.
Line 449: The property name HeadFont in DataGrid1 is invalid.
Line 459: The property name ColumnCount in DataGrid1 is invalid.
Line 472: The property name Column00 in DataGrid1 is invalid.
Line 485: The property name Column01 in DataGrid1 is invalid.
Line 486: The property name SplitCount in DataGrid1 is invalid.
Line 492: The property name Split0 in DataGrid1 is invalid.
Line 523: The property name _ExtentX in Adodc1 is invalid.
Line 524: The property name _ExtentY in Adodc1 is invalid.
Line 525: The property name ConnectMode in Adodc1 is invalid.
Line 526: The property name CursorLocation in Adodc1 is invalid.
Line 527: The property name IsolationLevel in Adodc1 is invalid.
Line 528: The property name ConnectionTimeout in Adodc1 is invalid.
Line 529: The property name CommandTimeout in Adodc1 is invalid.
Line 530: The property name CursorType in Adodc1 is invalid.
Line 531: The property name LockType in Adodc1 is invalid.
Line 532: The property name CommandType in Adodc1 is invalid.
Line 533: The property name CursorOptions in Adodc1 is invalid.
Line 534: The property name CacheSize in Adodc1 is invalid.
Line 535: The property name MaxRecords in Adodc1 is invalid.
Line 536: The property name BOFAction in Adodc1 is invalid.
Line 537: The property name EOFAction in Adodc1 is invalid.
Line 538: The property name ConnectStringType in Adodc1 is invalid.
Line 542: The property name Orientation in Adodc1 is invalid.
Line 544: The property name Connect in Adodc1 is invalid.
Line 545: The property name OLEDBString in Adodc1 is invalid.
Line 546: The property name OLEDBFile in Adodc1 is invalid.
Line 547: The property name DataSourceName in Adodc1 is invalid.
Line 548: The property name OtherAttributes in Adodc1 is invalid.
Line 549: The property name UserName in Adodc1 is invalid.
Line 550: The property name Password in Adodc1 is invalid.
Line 551: The property name RecordSource in Adodc1 is invalid.
Line 552: The property name Caption in Adodc1 is invalid.
Line 562: The property name _Version in Adodc1 is invalid.
