12/5/2016, 9:25:40 PM, 4, 0, C:\Users\Habibi\Desktop\ProjectVB_proses\laporan_pengembalian.rpt:Cannot open database.
12/5/2016, 9:25:40 PM, 4, 0, C:\Users\Habibi\Desktop\ProjectVB_proses\laporan_pengembalian.rpt:File not found
08/12/2016, 09.24.50, 4, 0, G:\ProjectVB_proses\lap_pengembalian.rpt:File not found
08/12/2016, 09.25.10, 4, 0, G:\ProjectVB_proses\lap_pengembalian.rpt:File not found
08/12/2016, 09.31.13, 4, 0, G:\ProjectVB_proses\lap_pengembalian.rpt:File not found
08/12/2016, 09.32.11, 4, 0, G:\ProjectVB_proses\lap_pengembalian.rpt:File not found
08/12/2016, 09.33.08, 4, 0, G:\ProjectVB_proses\lap_pengembalian.rpt:File not found
12/17/2016, 10:01:11 PM, 4, 0, F:\ProjectVB_proses\lap_pengembalian.rpt:File not found
12/17/2016, 10:01:27 PM, 4, 0, F:\ProjectVB_proses\lap_pengembalian.rpt:File not found
20/12/2016, 14.33.23, 4, 0, C:\Users\Rizqiyatul Auliyah\Desktop\ProjectVB_proses\laporan_kembali.rpt:File not found
20/12/2016, 14.34.24, 4, 0, C:\Users\Rizqiyatul Auliyah\Desktop\ProjectVB_proses\laporan_kembali1.rpt:File not found
20/12/2016, 14.54.02, 4, 0, C:\Users\Rizqiyatul Auliyah\Desktop\ProjectVB_proses baru\laporan_kembali1.rpt:File not found
21/12/2016, 01.14.47, 4, 0, G:\ProjectVB_proses baru\laporan_kembali1.rpt:File not found
21/12/2016, 01.15.05, 4, 0, G:\ProjectVB_proses baru\laporan_kembali1.rpt:File not found
21/12/2016, 01.19.24, 4, 0, G:\ProjectVB_proses baru\laporan_kembali1.rpt:File not found
21/12/2016, 01.36.13, 4, 0, G:\ProjectVB_proses baru\laporan_kembali1.rpt:File not found
05/01/2017, 11.47.42, 4, 0, C:\Users\Rizqiyatul Auliyah\Downloads\ProjectVB_proses baru\laporan_peminjaman.rpt:Cannot open database.
05/01/2017, 11.47.42, 4, 0, C:\Users\Rizqiyatul Auliyah\Downloads\ProjectVB_proses baru\laporan_peminjaman.rpt:File not found
05/01/2017, 11.48.51, 4, 0, C:\Users\Rizqiyatul Auliyah\Downloads\ProjectVB_proses baru\laporan_peminjaman.rpt:Cannot open database.
05/01/2017, 11.48.51, 4, 0, C:\Users\Rizqiyatul Auliyah\Downloads\ProjectVB_proses baru\laporan_peminjaman.rpt:File not found
05/01/2017, 11.52.26, 4, 0, C:\Users\Rizqiyatul Auliyah\Downloads\ProjectVB_proses baru\laporan_peminjaman.rpt:Cannot open database.
05/01/2017, 11.52.26, 4, 0, C:\Users\Rizqiyatul Auliyah\Downloads\ProjectVB_proses baru\laporan_peminjaman.rpt:File not found
