Line 15: Class MSComctlLib.StatusBar of control StatusBar1 was not a loaded control class.
Line 22: The property name _ExtentX in StatusBar1 is invalid.
Line 23: The property name _ExtentY in StatusBar1 is invalid.
Line 24: The property name _Version in StatusBar1 is invalid.
Line 45: The property name Panels in StatusBar1 is invalid.
Line 22: The property name _ExtentX in StatusBar1 is invalid.
Line 23: The property name _ExtentY in StatusBar1 is invalid.
Line 24: The property name _Version in StatusBar1 is invalid.
Line 45: The property name Panels in StatusBar1 is invalid.
Line 22: The property name _ExtentX in StatusBar1 is invalid.
Line 23: The property name _ExtentY in StatusBar1 is invalid.
Line 24: The property name _Version in StatusBar1 is invalid.
Line 45: The property name Panels in StatusBar1 is invalid.
Line 22: The property name _ExtentX in StatusBar1 is invalid.
Line 23: The property name _ExtentY in StatusBar1 is invalid.
Line 24: The property name _Version in StatusBar1 is invalid.
Line 45: The property name Panels in StatusBar1 is invalid.
Line 22: The property name _ExtentX in StatusBar1 is invalid.
Line 23: The property name _ExtentY in StatusBar1 is invalid.
Line 24: The property name _Version in StatusBar1 is invalid.
Line 45: The property name Panels in StatusBar1 is invalid.
Line 22: The property name _ExtentX in StatusBar1 is invalid.
Line 23: The property name _ExtentY in StatusBar1 is invalid.
Line 24: The property name _Version in StatusBar1 is invalid.
Line 45: The property name Panels in StatusBar1 is invalid.
Line 22: The property name _ExtentX in StatusBar1 is invalid.
Line 23: The property name _ExtentY in StatusBar1 is invalid.
Line 24: The property name _Version in StatusBar1 is invalid.
Line 45: The property name Panels in StatusBar1 is invalid.
Line 22: The property name _ExtentX in StatusBar1 is invalid.
Line 23: The property name _ExtentY in StatusBar1 is invalid.
Line 24: The property name _Version in StatusBar1 is invalid.
Line 45: The property name Panels in StatusBar1 is invalid.
