Line 15: Class MSAdodcLib.Adodc of control Adodc2 was not a loaded control class.
Line 327: Class MSDataGridLib.DataGrid of control DataGrid1 was not a loaded control class.
Line 394: Class MSAdodcLib.Adodc of control Adodc1 was not a loaded control class.
Line 21: The property name _ExtentX in Adodc2 is invalid.
Line 22: The property name _ExtentY in Adodc2 is invalid.
Line 23: The property name ConnectMode in Adodc2 is invalid.
Line 24: The property name CursorLocation in Adodc2 is invalid.
Line 25: The property name IsolationLevel in Adodc2 is invalid.
Line 26: The property name ConnectionTimeout in Adodc2 is invalid.
Line 27: The property name CommandTimeout in Adodc2 is invalid.
Line 28: The property name CursorType in Adodc2 is invalid.
Line 29: The property name LockType in Adodc2 is invalid.
Line 30: The property name CommandType in Adodc2 is invalid.
Line 31: The property name CursorOptions in Adodc2 is invalid.
Line 32: The property name CacheSize in Adodc2 is invalid.
Line 33: The property name MaxRecords in Adodc2 is invalid.
Line 34: The property name BOFAction in Adodc2 is invalid.
Line 35: The property name EOFAction in Adodc2 is invalid.
Line 36: The property name ConnectStringType in Adodc2 is invalid.
Line 40: The property name Orientation in Adodc2 is invalid.
Line 42: The property name Connect in Adodc2 is invalid.
Line 43: The property name OLEDBString in Adodc2 is invalid.
Line 44: The property name OLEDBFile in Adodc2 is invalid.
Line 45: The property name DataSourceName in Adodc2 is invalid.
Line 46: The property name OtherAttributes in Adodc2 is invalid.
Line 47: The property name UserName in Adodc2 is invalid.
Line 48: The property name Password in Adodc2 is invalid.
Line 49: The property name RecordSource in Adodc2 is invalid.
Line 50: The property name Caption in Adodc2 is invalid.
Line 60: The property name _Version in Adodc2 is invalid.
Line 333: The property name _ExtentX in DataGrid1 is invalid.
Line 334: The property name _ExtentY in DataGrid1 is invalid.
Line 335: The property name _Version in DataGrid1 is invalid.
Line 336: The property name HeadLines in DataGrid1 is invalid.
Line 337: The property name RowHeight in DataGrid1 is invalid.
Line 338: The property name AllowAddNew in DataGrid1 is invalid.
Line 339: The property name AllowDelete in DataGrid1 is invalid.
Line 348: The property name HeadFont in DataGrid1 is invalid.
Line 358: The property name ColumnCount in DataGrid1 is invalid.
Line 371: The property name Column00 in DataGrid1 is invalid.
Line 384: The property name Column01 in DataGrid1 is invalid.
Line 385: The property name SplitCount in DataGrid1 is invalid.
Line 391: The property name Split0 in DataGrid1 is invalid.
Line 400: The property name _ExtentX in Adodc1 is invalid.
Line 401: The property name _ExtentY in Adodc1 is invalid.
Line 402: The property name ConnectMode in Adodc1 is invalid.
Line 403: The property name CursorLocation in Adodc1 is invalid.
Line 404: The property name IsolationLevel in Adodc1 is invalid.
Line 405: The property name ConnectionTimeout in Adodc1 is invalid.
Line 406: The property name CommandTimeout in Adodc1 is invalid.
Line 407: The property name CursorType in Adodc1 is invalid.
Line 408: The property name LockType in Adodc1 is invalid.
Line 409: The property name CommandType in Adodc1 is invalid.
Line 410: The property name CursorOptions in Adodc1 is invalid.
Line 411: The property name CacheSize in Adodc1 is invalid.
Line 412: The property name MaxRecords in Adodc1 is invalid.
Line 413: The property name BOFAction in Adodc1 is invalid.
Line 414: The property name EOFAction in Adodc1 is invalid.
Line 415: The property name ConnectStringType in Adodc1 is invalid.
Line 419: The property name Orientation in Adodc1 is invalid.
Line 421: The property name Connect in Adodc1 is invalid.
Line 422: The property name OLEDBString in Adodc1 is invalid.
Line 423: The property name OLEDBFile in Adodc1 is invalid.
Line 424: The property name DataSourceName in Adodc1 is invalid.
Line 425: The property name OtherAttributes in Adodc1 is invalid.
Line 426: The property name UserName in Adodc1 is invalid.
Line 427: The property name Password in Adodc1 is invalid.
Line 428: The property name RecordSource in Adodc1 is invalid.
Line 429: The property name Caption in Adodc1 is invalid.
Line 439: The property name _Version in Adodc1 is invalid.
