Line 82: Class MSAdodcLib.Adodc of control DTCariTelahPinjam was not a loaded control class.
Line 129: Class MSAdodcLib.Adodc of control DTDetailKembali was not a loaded control class.
Line 176: Class MSAdodcLib.Adodc of control DTKembali was not a loaded control class.
Line 732: Class MSAdodcLib.Adodc of control Adodc1 was not a loaded control class.
Line 88: The property name _ExtentX in DTCariTelahPinjam is invalid.
Line 89: The property name _ExtentY in DTCariTelahPinjam is invalid.
Line 90: The property name ConnectMode in DTCariTelahPinjam is invalid.
Line 91: The property name CursorLocation in DTCariTelahPinjam is invalid.
Line 92: The property name IsolationLevel in DTCariTelahPinjam is invalid.
Line 93: The property name ConnectionTimeout in DTCariTelahPinjam is invalid.
Line 94: The property name CommandTimeout in DTCariTelahPinjam is invalid.
Line 95: The property name CursorType in DTCariTelahPinjam is invalid.
Line 96: The property name LockType in DTCariTelahPinjam is invalid.
Line 97: The property name CommandType in DTCariTelahPinjam is invalid.
Line 98: The property name CursorOptions in DTCariTelahPinjam is invalid.
Line 99: The property name CacheSize in DTCariTelahPinjam is invalid.
Line 100: The property name MaxRecords in DTCariTelahPinjam is invalid.
Line 101: The property name BOFAction in DTCariTelahPinjam is invalid.
Line 102: The property name EOFAction in DTCariTelahPinjam is invalid.
Line 103: The property name ConnectStringType in DTCariTelahPinjam is invalid.
Line 107: The property name Orientation in DTCariTelahPinjam is invalid.
Line 109: The property name Connect in DTCariTelahPinjam is invalid.
Line 110: The property name OLEDBString in DTCariTelahPinjam is invalid.
Line 111: The property name OLEDBFile in DTCariTelahPinjam is invalid.
Line 112: The property name DataSourceName in DTCariTelahPinjam is invalid.
Line 113: The property name OtherAttributes in DTCariTelahPinjam is invalid.
Line 114: The property name UserName in DTCariTelahPinjam is invalid.
Line 115: The property name Password in DTCariTelahPinjam is invalid.
Line 116: The property name RecordSource in DTCariTelahPinjam is invalid.
Line 117: The property name Caption in DTCariTelahPinjam is invalid.
Line 127: The property name _Version in DTCariTelahPinjam is invalid.
Line 135: The property name _ExtentX in DTDetailKembali is invalid.
Line 136: The property name _ExtentY in DTDetailKembali is invalid.
Line 137: The property name ConnectMode in DTDetailKembali is invalid.
Line 138: The property name CursorLocation in DTDetailKembali is invalid.
Line 139: The property name IsolationLevel in DTDetailKembali is invalid.
Line 140: The property name ConnectionTimeout in DTDetailKembali is invalid.
Line 141: The property name CommandTimeout in DTDetailKembali is invalid.
Line 142: The property name CursorType in DTDetailKembali is invalid.
Line 143: The property name LockType in DTDetailKembali is invalid.
Line 144: The property name CommandType in DTDetailKembali is invalid.
Line 145: The property name CursorOptions in DTDetailKembali is invalid.
Line 146: The property name CacheSize in DTDetailKembali is invalid.
Line 147: The property name MaxRecords in DTDetailKembali is invalid.
Line 148: The property name BOFAction in DTDetailKembali is invalid.
Line 149: The property name EOFAction in DTDetailKembali is invalid.
Line 150: The property name ConnectStringType in DTDetailKembali is invalid.
Line 154: The property name Orientation in DTDetailKembali is invalid.
Line 156: The property name Connect in DTDetailKembali is invalid.
Line 157: The property name OLEDBString in DTDetailKembali is invalid.
Line 158: The property name OLEDBFile in DTDetailKembali is invalid.
Line 159: The property name DataSourceName in DTDetailKembali is invalid.
Line 160: The property name OtherAttributes in DTDetailKembali is invalid.
Line 161: The property name UserName in DTDetailKembali is invalid.
Line 162: The property name Password in DTDetailKembali is invalid.
Line 163: The property name RecordSource in DTDetailKembali is invalid.
Line 164: The property name Caption in DTDetailKembali is invalid.
Line 174: The property name _Version in DTDetailKembali is invalid.
Line 182: The property name _ExtentX in DTKembali is invalid.
Line 183: The property name _ExtentY in DTKembali is invalid.
Line 184: The property name ConnectMode in DTKembali is invalid.
Line 185: The property name CursorLocation in DTKembali is invalid.
Line 186: The property name IsolationLevel in DTKembali is invalid.
Line 187: The property name ConnectionTimeout in DTKembali is invalid.
Line 188: The property name CommandTimeout in DTKembali is invalid.
Line 189: The property name CursorType in DTKembali is invalid.
Line 190: The property name LockType in DTKembali is invalid.
Line 191: The property name CommandType in DTKembali is invalid.
Line 192: The property name CursorOptions in DTKembali is invalid.
Line 193: The property name CacheSize in DTKembali is invalid.
Line 194: The property name MaxRecords in DTKembali is invalid.
Line 195: The property name BOFAction in DTKembali is invalid.
Line 196: The property name EOFAction in DTKembali is invalid.
Line 197: The property name ConnectStringType in DTKembali is invalid.
Line 201: The property name Orientation in DTKembali is invalid.
Line 203: The property name Connect in DTKembali is invalid.
Line 204: The property name OLEDBString in DTKembali is invalid.
Line 205: The property name OLEDBFile in DTKembali is invalid.
Line 206: The property name DataSourceName in DTKembali is invalid.
Line 207: The property name OtherAttributes in DTKembali is invalid.
Line 208: The property name UserName in DTKembali is invalid.
Line 209: The property name Password in DTKembali is invalid.
Line 210: The property name RecordSource in DTKembali is invalid.
Line 211: The property name Caption in DTKembali is invalid.
Line 221: The property name _Version in DTKembali is invalid.
Line 738: The property name _ExtentX in Adodc1 is invalid.
Line 739: The property name _ExtentY in Adodc1 is invalid.
Line 740: The property name ConnectMode in Adodc1 is invalid.
Line 741: The property name CursorLocation in Adodc1 is invalid.
Line 742: The property name IsolationLevel in Adodc1 is invalid.
Line 743: The property name ConnectionTimeout in Adodc1 is invalid.
Line 744: The property name CommandTimeout in Adodc1 is invalid.
Line 745: The property name CursorType in Adodc1 is invalid.
Line 746: The property name LockType in Adodc1 is invalid.
Line 747: The property name CommandType in Adodc1 is invalid.
Line 748: The property name CursorOptions in Adodc1 is invalid.
Line 749: The property name CacheSize in Adodc1 is invalid.
Line 750: The property name MaxRecords in Adodc1 is invalid.
Line 751: The property name BOFAction in Adodc1 is invalid.
Line 752: The property name EOFAction in Adodc1 is invalid.
Line 753: The property name ConnectStringType in Adodc1 is invalid.
Line 757: The property name Orientation in Adodc1 is invalid.
Line 759: The property name Connect in Adodc1 is invalid.
Line 760: The property name OLEDBString in Adodc1 is invalid.
Line 761: The property name OLEDBFile in Adodc1 is invalid.
Line 762: The property name DataSourceName in Adodc1 is invalid.
Line 763: The property name OtherAttributes in Adodc1 is invalid.
Line 764: The property name UserName in Adodc1 is invalid.
Line 765: The property name Password in Adodc1 is invalid.
Line 766: The property name RecordSource in Adodc1 is invalid.
Line 767: The property name Caption in Adodc1 is invalid.
Line 777: The property name _Version in Adodc1 is invalid.
